{"/Users/Chris/Google Drive/san-fransisco-trail/Server/models/GameController.js":{"path":"/Users/Chris/Google Drive/san-fransisco-trail/Server/models/GameController.js","s":{"1":1,"2":1,"3":1,"4":1,"5":22,"6":22,"7":22,"8":22,"9":22,"10":22,"11":22,"12":22,"13":22,"14":22,"15":101,"16":22,"17":9,"18":22,"19":4,"20":22,"21":1,"22":22,"23":4,"24":4,"25":22,"26":1,"27":22,"28":6,"29":6,"30":22,"31":1,"32":22,"33":4,"34":22,"35":2,"36":22,"37":12,"38":7,"39":7,"40":5,"41":4,"42":4,"43":1,"44":1,"45":22,"46":17,"47":22,"48":9,"49":22,"50":2,"51":1,"52":1,"53":22,"54":1},"b":{"1":[22,0],"2":[22,21],"3":[7,5],"4":[4,1],"5":[1,1]},"f":{"1":1,"2":22,"3":101,"4":9,"5":4,"6":1,"7":4,"8":1,"9":6,"10":1,"11":4,"12":2,"13":12,"14":17,"15":9,"16":2},"fnMap":{"1":{"name":"(anonymous_1)","line":1,"loc":{"start":{"line":1,"column":1},"end":{"line":1,"column":12}}},"2":{"name":"(anonymous_2)","line":5,"loc":{"start":{"line":5,"column":23},"end":{"line":5,"column":41}}},"3":{"name":"(anonymous_3)","line":19,"loc":{"start":{"line":19,"column":15},"end":{"line":19,"column":27}}},"4":{"name":"(anonymous_4)","line":23,"loc":{"start":{"line":23,"column":18},"end":{"line":23,"column":30}}},"5":{"name":"(anonymous_5)","line":27,"loc":{"start":{"line":27,"column":18},"end":{"line":27,"column":30}}},"6":{"name":"(anonymous_6)","line":31,"loc":{"start":{"line":31,"column":19},"end":{"line":31,"column":31}}},"7":{"name":"(anonymous_7)","line":35,"loc":{"start":{"line":35,"column":18},"end":{"line":35,"column":38}}},"8":{"name":"(anonymous_8)","line":40,"loc":{"start":{"line":40,"column":13},"end":{"line":40,"column":25}}},"9":{"name":"(anonymous_9)","line":44,"loc":{"start":{"line":44,"column":19},"end":{"line":44,"column":36}}},"10":{"name":"(anonymous_10)","line":49,"loc":{"start":{"line":49,"column":24},"end":{"line":49,"column":36}}},"11":{"name":"(anonymous_11)","line":53,"loc":{"start":{"line":53,"column":17},"end":{"line":53,"column":29}}},"12":{"name":"(anonymous_12)","line":57,"loc":{"start":{"line":57,"column":17},"end":{"line":57,"column":33}}},"13":{"name":"(anonymous_13)","line":62,"loc":{"start":{"line":62,"column":18},"end":{"line":62,"column":34}}},"14":{"name":"(anonymous_14)","line":80,"loc":{"start":{"line":80,"column":18},"end":{"line":80,"column":30}}},"15":{"name":"(anonymous_15)","line":84,"loc":{"start":{"line":84,"column":22},"end":{"line":84,"column":34}}},"16":{"name":"(anonymous_16)","line":88,"loc":{"start":{"line":88,"column":23},"end":{"line":88,"column":35}}}},"statementMap":{"1":{"start":{"line":1,"column":0},"end":{"line":101,"column":5}},"2":{"start":{"line":2,"column":2},"end":{"line":2,"column":45}},"3":{"start":{"line":3,"column":2},"end":{"line":3,"column":41}},"4":{"start":{"line":5,"column":2},"end":{"line":97,"column":4}},"5":{"start":{"line":7,"column":4},"end":{"line":7,"column":35}},"6":{"start":{"line":8,"column":4},"end":{"line":8,"column":43}},"7":{"start":{"line":10,"column":4},"end":{"line":10,"column":18}},"8":{"start":{"line":11,"column":4},"end":{"line":11,"column":18}},"9":{"start":{"line":12,"column":4},"end":{"line":12,"column":22}},"10":{"start":{"line":13,"column":4},"end":{"line":13,"column":21}},"11":{"start":{"line":14,"column":4},"end":{"line":14,"column":23}},"12":{"start":{"line":15,"column":4},"end":{"line":15,"column":23}},"13":{"start":{"line":17,"column":4},"end":{"line":17,"column":17}},"14":{"start":{"line":19,"column":4},"end":{"line":21,"column":6}},"15":{"start":{"line":20,"column":6},"end":{"line":20,"column":16}},"16":{"start":{"line":23,"column":4},"end":{"line":25,"column":6}},"17":{"start":{"line":24,"column":6},"end":{"line":24,"column":19}},"18":{"start":{"line":27,"column":4},"end":{"line":29,"column":6}},"19":{"start":{"line":28,"column":6},"end":{"line":28,"column":19}},"20":{"start":{"line":31,"column":4},"end":{"line":33,"column":6}},"21":{"start":{"line":32,"column":6},"end":{"line":32,"column":20}},"22":{"start":{"line":35,"column":4},"end":{"line":38,"column":6}},"23":{"start":{"line":36,"column":6},"end":{"line":36,"column":23}},"24":{"start":{"line":37,"column":6},"end":{"line":37,"column":19}},"25":{"start":{"line":40,"column":4},"end":{"line":42,"column":6}},"26":{"start":{"line":41,"column":6},"end":{"line":41,"column":20}},"27":{"start":{"line":44,"column":4},"end":{"line":47,"column":6}},"28":{"start":{"line":45,"column":6},"end":{"line":45,"column":21}},"29":{"start":{"line":46,"column":6},"end":{"line":46,"column":20}},"30":{"start":{"line":49,"column":4},"end":{"line":51,"column":6}},"31":{"start":{"line":50,"column":6},"end":{"line":50,"column":17}},"32":{"start":{"line":53,"column":4},"end":{"line":55,"column":6}},"33":{"start":{"line":54,"column":6},"end":{"line":54,"column":18}},"34":{"start":{"line":57,"column":4},"end":{"line":60,"column":6}},"35":{"start":{"line":59,"column":6},"end":{"line":59,"column":23}},"36":{"start":{"line":62,"column":4},"end":{"line":78,"column":6}},"37":{"start":{"line":64,"column":6},"end":{"line":77,"column":7}},"38":{"start":{"line":65,"column":8},"end":{"line":67,"column":10}},"39":{"start":{"line":68,"column":8},"end":{"line":68,"column":29}},"40":{"start":{"line":69,"column":13},"end":{"line":77,"column":7}},"41":{"start":{"line":70,"column":8},"end":{"line":72,"column":10}},"42":{"start":{"line":73,"column":8},"end":{"line":73,"column":27}},"43":{"start":{"line":75,"column":8},"end":{"line":75,"column":21}},"44":{"start":{"line":76,"column":8},"end":{"line":76,"column":23}},"45":{"start":{"line":80,"column":4},"end":{"line":82,"column":6}},"46":{"start":{"line":81,"column":6},"end":{"line":81,"column":19}},"47":{"start":{"line":84,"column":4},"end":{"line":86,"column":6}},"48":{"start":{"line":85,"column":6},"end":{"line":85,"column":23}},"49":{"start":{"line":88,"column":4},"end":{"line":94,"column":6}},"50":{"start":{"line":89,"column":6},"end":{"line":93,"column":7}},"51":{"start":{"line":90,"column":8},"end":{"line":90,"column":42}},"52":{"start":{"line":92,"column":8},"end":{"line":92,"column":20}},"53":{"start":{"line":96,"column":4},"end":{"line":96,"column":14}},"54":{"start":{"line":99,"column":2},"end":{"line":99,"column":34}}},"branchMap":{"1":{"line":7,"type":"binary-expr","locations":[{"start":{"line":7,"column":19},"end":{"line":7,"column":28}},{"start":{"line":7,"column":32},"end":{"line":7,"column":34}}]},"2":{"line":8,"type":"binary-expr","locations":[{"start":{"line":8,"column":19},"end":{"line":8,"column":30}},{"start":{"line":8,"column":34},"end":{"line":8,"column":42}}]},"3":{"line":64,"type":"if","locations":[{"start":{"line":64,"column":6},"end":{"line":64,"column":6}},{"start":{"line":64,"column":6},"end":{"line":64,"column":6}}]},"4":{"line":69,"type":"if","locations":[{"start":{"line":69,"column":13},"end":{"line":69,"column":13}},{"start":{"line":69,"column":13},"end":{"line":69,"column":13}}]},"5":{"line":89,"type":"if","locations":[{"start":{"line":89,"column":6},"end":{"line":89,"column":6}},{"start":{"line":89,"column":6},"end":{"line":89,"column":6}}]}}},"/Users/Chris/Google Drive/san-fransisco-trail/Server/models/InvestPhase.js":{"path":"/Users/Chris/Google Drive/san-fransisco-trail/Server/models/InvestPhase.js","s":{"1":1,"2":1,"3":17,"4":17,"5":17,"6":17,"7":17,"8":17,"9":17,"10":17,"11":7,"12":17,"13":1,"14":17,"15":1,"16":17,"17":1,"18":17,"19":32,"20":17,"21":8,"22":17,"23":27,"24":27,"25":27,"26":0,"27":27,"28":27,"29":17,"30":15,"31":17,"32":0,"33":0,"34":0,"35":17,"36":8,"37":7,"38":7,"39":7,"40":7,"41":1,"42":17,"43":6,"44":4,"45":4,"46":4,"47":4,"48":2,"49":17,"50":17,"51":1},"b":{"1":[0,27],"2":[7,1],"3":[4,2]},"f":{"1":1,"2":17,"3":7,"4":1,"5":1,"6":1,"7":32,"8":8,"9":27,"10":15,"11":0,"12":8,"13":6,"14":0},"fnMap":{"1":{"name":"(anonymous_1)","line":1,"loc":{"start":{"line":1,"column":1},"end":{"line":1,"column":13}}},"2":{"name":"(anonymous_2)","line":4,"loc":{"start":{"line":4,"column":20},"end":{"line":4,"column":38}}},"3":{"name":"(anonymous_3)","line":16,"loc":{"start":{"line":16,"column":19},"end":{"line":16,"column":31}}},"4":{"name":"(anonymous_4)","line":19,"loc":{"start":{"line":19,"column":17},"end":{"line":19,"column":29}}},"5":{"name":"(anonymous_5)","line":22,"loc":{"start":{"line":22,"column":20},"end":{"line":22,"column":32}}},"6":{"name":"(anonymous_6)","line":26,"loc":{"start":{"line":26,"column":18},"end":{"line":26,"column":30}}},"7":{"name":"(anonymous_7)","line":30,"loc":{"start":{"line":30,"column":23},"end":{"line":30,"column":35}}},"8":{"name":"(anonymous_8)","line":34,"loc":{"start":{"line":34,"column":23},"end":{"line":34,"column":35}}},"9":{"name":"(anonymous_9)","line":38,"loc":{"start":{"line":38,"column":18},"end":{"line":38,"column":30}}},"10":{"name":"(anonymous_10)","line":49,"loc":{"start":{"line":49,"column":21},"end":{"line":49,"column":33}}},"11":{"name":"(anonymous_11)","line":53,"loc":{"start":{"line":53,"column":19},"end":{"line":53,"column":31}}},"12":{"name":"(anonymous_12)","line":59,"loc":{"start":{"line":59,"column":18},"end":{"line":59,"column":34}}},"13":{"name":"(anonymous_13)","line":70,"loc":{"start":{"line":70,"column":19},"end":{"line":70,"column":35}}},"14":{"name":"(anonymous_14)","line":81,"loc":{"start":{"line":81,"column":24},"end":{"line":81,"column":36}}}},"statementMap":{"1":{"start":{"line":1,"column":0},"end":{"line":91,"column":5}},"2":{"start":{"line":4,"column":2},"end":{"line":87,"column":4}},"3":{"start":{"line":6,"column":4},"end":{"line":6,"column":29}},"4":{"start":{"line":8,"column":4},"end":{"line":8,"column":22}},"5":{"start":{"line":9,"column":4},"end":{"line":9,"column":25}},"6":{"start":{"line":10,"column":4},"end":{"line":10,"column":22}},"7":{"start":{"line":11,"column":4},"end":{"line":11,"column":41}},"8":{"start":{"line":12,"column":4},"end":{"line":12,"column":23}},"9":{"start":{"line":14,"column":4},"end":{"line":14,"column":16}},"10":{"start":{"line":16,"column":4},"end":{"line":18,"column":6}},"11":{"start":{"line":17,"column":6},"end":{"line":17,"column":27}},"12":{"start":{"line":19,"column":4},"end":{"line":21,"column":6}},"13":{"start":{"line":20,"column":6},"end":{"line":20,"column":19}},"14":{"start":{"line":22,"column":4},"end":{"line":24,"column":6}},"15":{"start":{"line":23,"column":6},"end":{"line":23,"column":22}},"16":{"start":{"line":26,"column":4},"end":{"line":28,"column":6}},"17":{"start":{"line":27,"column":6},"end":{"line":27,"column":26}},"18":{"start":{"line":30,"column":4},"end":{"line":32,"column":6}},"19":{"start":{"line":31,"column":6},"end":{"line":31,"column":24}},"20":{"start":{"line":34,"column":4},"end":{"line":36,"column":6}},"21":{"start":{"line":35,"column":6},"end":{"line":35,"column":24}},"22":{"start":{"line":38,"column":4},"end":{"line":47,"column":6}},"23":{"start":{"line":39,"column":6},"end":{"line":39,"column":46}},"24":{"start":{"line":40,"column":6},"end":{"line":40,"column":50}},"25":{"start":{"line":42,"column":6},"end":{"line":44,"column":7}},"26":{"start":{"line":43,"column":8},"end":{"line":43,"column":40}},"27":{"start":{"line":45,"column":6},"end":{"line":45,"column":43}},"28":{"start":{"line":46,"column":6},"end":{"line":46,"column":24}},"29":{"start":{"line":49,"column":4},"end":{"line":51,"column":6}},"30":{"start":{"line":50,"column":6},"end":{"line":50,"column":19}},"31":{"start":{"line":53,"column":4},"end":{"line":57,"column":6}},"32":{"start":{"line":54,"column":6},"end":{"line":54,"column":47}},"33":{"start":{"line":55,"column":6},"end":{"line":55,"column":22}},"34":{"start":{"line":56,"column":6},"end":{"line":56,"column":27}},"35":{"start":{"line":59,"column":4},"end":{"line":68,"column":6}},"36":{"start":{"line":60,"column":6},"end":{"line":67,"column":7}},"37":{"start":{"line":61,"column":8},"end":{"line":61,"column":36}},"38":{"start":{"line":62,"column":8},"end":{"line":62,"column":24}},"39":{"start":{"line":63,"column":8},"end":{"line":63,"column":26}},"40":{"start":{"line":64,"column":8},"end":{"line":64,"column":20}},"41":{"start":{"line":66,"column":8},"end":{"line":66,"column":21}},"42":{"start":{"line":70,"column":4},"end":{"line":79,"column":6}},"43":{"start":{"line":71,"column":6},"end":{"line":78,"column":7}},"44":{"start":{"line":72,"column":8},"end":{"line":72,"column":36}},"45":{"start":{"line":73,"column":8},"end":{"line":73,"column":26}},"46":{"start":{"line":74,"column":8},"end":{"line":74,"column":24}},"47":{"start":{"line":75,"column":8},"end":{"line":75,"column":20}},"48":{"start":{"line":77,"column":8},"end":{"line":77,"column":21}},"49":{"start":{"line":81,"column":4},"end":{"line":83,"column":6}},"50":{"start":{"line":85,"column":4},"end":{"line":85,"column":14}},"51":{"start":{"line":89,"column":2},"end":{"line":89,"column":31}}},"branchMap":{"1":{"line":42,"type":"if","locations":[{"start":{"line":42,"column":6},"end":{"line":42,"column":6}},{"start":{"line":42,"column":6},"end":{"line":42,"column":6}}]},"2":{"line":60,"type":"if","locations":[{"start":{"line":60,"column":6},"end":{"line":60,"column":6}},{"start":{"line":60,"column":6},"end":{"line":60,"column":6}}]},"3":{"line":71,"type":"if","locations":[{"start":{"line":71,"column":6},"end":{"line":71,"column":6}},{"start":{"line":71,"column":6},"end":{"line":71,"column":6}}]}}},"/Users/Chris/Google Drive/san-fransisco-trail/Server/models/HuntPhase.js":{"path":"/Users/Chris/Google Drive/san-fransisco-trail/Server/models/HuntPhase.js","s":{"1":1,"2":1,"3":13,"4":13,"5":13,"6":13,"7":13,"8":13,"9":13,"10":13,"11":13,"12":13,"13":13,"14":4485,"15":13,"16":13,"17":13,"18":13,"19":12,"20":13,"21":27,"22":13,"23":3,"24":13,"25":4,"26":13,"27":0,"28":13,"29":10,"30":13,"31":21,"32":9,"33":9,"34":9,"35":1,"36":9,"37":12,"38":12,"39":10,"40":10,"41":12,"42":13,"43":22,"44":22,"45":22,"46":22,"47":22,"48":0,"49":22,"50":13,"51":4,"52":4,"53":13,"54":1,"55":13,"56":1},"b":{"1":[9,12],"2":[1,8],"3":[10,2],"4":[0,22]},"f":{"1":1,"2":13,"3":12,"4":27,"5":3,"6":4,"7":0,"8":10,"9":21,"10":22,"11":4,"12":1},"fnMap":{"1":{"name":"(anonymous_1)","line":1,"loc":{"start":{"line":1,"column":1},"end":{"line":1,"column":13}}},"2":{"name":"(anonymous_2)","line":4,"loc":{"start":{"line":4,"column":18},"end":{"line":4,"column":36}}},"3":{"name":"(anonymous_3)","line":33,"loc":{"start":{"line":33,"column":19},"end":{"line":33,"column":31}}},"4":{"name":"(anonymous_4)","line":37,"loc":{"start":{"line":37,"column":17},"end":{"line":37,"column":29}}},"5":{"name":"(anonymous_5)","line":41,"loc":{"start":{"line":41,"column":19},"end":{"line":41,"column":31}}},"6":{"name":"(anonymous_6)","line":45,"loc":{"start":{"line":45,"column":16},"end":{"line":45,"column":28}}},"7":{"name":"(anonymous_7)","line":49,"loc":{"start":{"line":49,"column":13},"end":{"line":49,"column":25}}},"8":{"name":"(anonymous_8)","line":53,"loc":{"start":{"line":53,"column":30},"end":{"line":53,"column":42}}},"9":{"name":"(anonymous_9)","line":57,"loc":{"start":{"line":57,"column":19},"end":{"line":57,"column":35}}},"10":{"name":"(anonymous_10)","line":75,"loc":{"start":{"line":75,"column":17},"end":{"line":75,"column":29}}},"11":{"name":"(anonymous_11)","line":89,"loc":{"start":{"line":89,"column":19},"end":{"line":89,"column":31}}},"12":{"name":"(anonymous_12)","line":94,"loc":{"start":{"line":94,"column":17},"end":{"line":94,"column":29}}}},"statementMap":{"1":{"start":{"line":1,"column":0},"end":{"line":104,"column":5}},"2":{"start":{"line":4,"column":2},"end":{"line":100,"column":4}},"3":{"start":{"line":6,"column":4},"end":{"line":6,"column":27}},"4":{"start":{"line":7,"column":4},"end":{"line":7,"column":33}},"5":{"start":{"line":11,"column":4},"end":{"line":11,"column":31}},"6":{"start":{"line":12,"column":4},"end":{"line":12,"column":29}},"7":{"start":{"line":14,"column":4},"end":{"line":14,"column":32}},"8":{"start":{"line":15,"column":4},"end":{"line":15,"column":21}},"9":{"start":{"line":16,"column":4},"end":{"line":16,"column":22}},"10":{"start":{"line":17,"column":4},"end":{"line":17,"column":24}},"11":{"start":{"line":18,"column":4},"end":{"line":18,"column":24}},"12":{"start":{"line":19,"column":4},"end":{"line":19,"column":87}},"13":{"start":{"line":21,"column":4},"end":{"line":26,"column":5}},"14":{"start":{"line":22,"column":6},"end":{"line":25,"column":8}},"15":{"start":{"line":28,"column":4},"end":{"line":28,"column":26}},"16":{"start":{"line":29,"column":4},"end":{"line":29,"column":36}},"17":{"start":{"line":31,"column":4},"end":{"line":31,"column":16}},"18":{"start":{"line":33,"column":4},"end":{"line":35,"column":6}},"19":{"start":{"line":34,"column":6},"end":{"line":34,"column":27}},"20":{"start":{"line":37,"column":4},"end":{"line":39,"column":6}},"21":{"start":{"line":38,"column":6},"end":{"line":38,"column":25}},"22":{"start":{"line":41,"column":4},"end":{"line":43,"column":6}},"23":{"start":{"line":42,"column":6},"end":{"line":42,"column":21}},"24":{"start":{"line":45,"column":4},"end":{"line":47,"column":6}},"25":{"start":{"line":46,"column":6},"end":{"line":46,"column":18}},"26":{"start":{"line":49,"column":4},"end":{"line":51,"column":6}},"27":{"start":{"line":50,"column":6},"end":{"line":50,"column":18}},"28":{"start":{"line":53,"column":4},"end":{"line":55,"column":6}},"29":{"start":{"line":54,"column":6},"end":{"line":54,"column":31}},"30":{"start":{"line":57,"column":4},"end":{"line":73,"column":6}},"31":{"start":{"line":58,"column":6},"end":{"line":72,"column":7}},"32":{"start":{"line":59,"column":8},"end":{"line":59,"column":47}},"33":{"start":{"line":60,"column":8},"end":{"line":60,"column":42}},"34":{"start":{"line":61,"column":8},"end":{"line":63,"column":9}},"35":{"start":{"line":62,"column":10},"end":{"line":62,"column":25}},"36":{"start":{"line":64,"column":8},"end":{"line":64,"column":33}},"37":{"start":{"line":66,"column":8},"end":{"line":66,"column":49}},"38":{"start":{"line":67,"column":8},"end":{"line":70,"column":9}},"39":{"start":{"line":68,"column":10},"end":{"line":68,"column":28}},"40":{"start":{"line":69,"column":10},"end":{"line":69,"column":22}},"41":{"start":{"line":71,"column":8},"end":{"line":71,"column":17}},"42":{"start":{"line":75,"column":4},"end":{"line":87,"column":6}},"43":{"start":{"line":76,"column":6},"end":{"line":76,"column":12}},"44":{"start":{"line":77,"column":6},"end":{"line":79,"column":46}},"45":{"start":{"line":78,"column":8},"end":{"line":78,"column":58}},"46":{"start":{"line":81,"column":6},"end":{"line":81,"column":26}},"47":{"start":{"line":83,"column":6},"end":{"line":85,"column":7}},"48":{"start":{"line":84,"column":8},"end":{"line":84,"column":25}},"49":{"start":{"line":86,"column":6},"end":{"line":86,"column":34}},"50":{"start":{"line":89,"column":4},"end":{"line":92,"column":6}},"51":{"start":{"line":90,"column":6},"end":{"line":90,"column":19}},"52":{"start":{"line":91,"column":6},"end":{"line":91,"column":19}},"53":{"start":{"line":94,"column":4},"end":{"line":96,"column":6}},"54":{"start":{"line":95,"column":6},"end":{"line":95,"column":19}},"55":{"start":{"line":98,"column":4},"end":{"line":98,"column":14}},"56":{"start":{"line":102,"column":2},"end":{"line":102,"column":29}}},"branchMap":{"1":{"line":58,"type":"if","locations":[{"start":{"line":58,"column":6},"end":{"line":58,"column":6}},{"start":{"line":58,"column":6},"end":{"line":58,"column":6}}]},"2":{"line":61,"type":"if","locations":[{"start":{"line":61,"column":8},"end":{"line":61,"column":8}},{"start":{"line":61,"column":8},"end":{"line":61,"column":8}}]},"3":{"line":67,"type":"if","locations":[{"start":{"line":67,"column":8},"end":{"line":67,"column":8}},{"start":{"line":67,"column":8},"end":{"line":67,"column":8}}]},"4":{"line":83,"type":"if","locations":[{"start":{"line":83,"column":6},"end":{"line":83,"column":6}},{"start":{"line":83,"column":6},"end":{"line":83,"column":6}}]}}},"/Users/Chris/Google Drive/san-fransisco-trail/index.js":{"path":"/Users/Chris/Google Drive/san-fransisco-trail/index.js","s":{"1":1},"b":{},"f":{},"fnMap":{},"statementMap":{"1":{"start":{"line":1,"column":0},"end":{"line":1,"column":27}}},"branchMap":{}},"/Users/Chris/Google Drive/san-fransisco-trail/Server/server.js":{"path":"/Users/Chris/Google Drive/san-fransisco-trail/Server/server.js","s":{"1":1,"2":1,"3":1,"4":1,"5":1,"6":1,"7":1,"8":1,"9":1,"10":1,"11":0,"12":1},"b":{"1":[1,1]},"f":{"1":1,"2":0},"fnMap":{"1":{"name":"(anonymous_1)","line":9,"loc":{"start":{"line":9,"column":20},"end":{"line":9,"column":31}}},"2":{"name":"(anonymous_2)","line":17,"loc":{"start":{"line":17,"column":13},"end":{"line":17,"column":32}}}},"statementMap":{"1":{"start":{"line":1,"column":0},"end":{"line":2,"column":30}},"2":{"start":{"line":3,"column":0},"end":{"line":3,"column":20}},"3":{"start":{"line":4,"column":0},"end":{"line":4,"column":41}},"4":{"start":{"line":5,"column":0},"end":{"line":5,"column":38}},"5":{"start":{"line":8,"column":0},"end":{"line":8,"column":36}},"6":{"start":{"line":9,"column":0},"end":{"line":11,"column":3}},"7":{"start":{"line":10,"column":2},"end":{"line":10,"column":40}},"8":{"start":{"line":14,"column":0},"end":{"line":14,"column":51}},"9":{"start":{"line":15,"column":0},"end":{"line":15,"column":36}},"10":{"start":{"line":17,"column":0},"end":{"line":19,"column":3}},"11":{"start":{"line":18,"column":2},"end":{"line":18,"column":41}},"12":{"start":{"line":22,"column":0},"end":{"line":22,"column":35}}},"branchMap":{"1":{"line":8,"type":"binary-expr","locations":[{"start":{"line":8,"column":11},"end":{"line":8,"column":27}},{"start":{"line":8,"column":31},"end":{"line":8,"column":35}}]}}},"/Users/Chris/Google Drive/san-fransisco-trail/Server/routes/io.js":{"path":"/Users/Chris/Google Drive/san-fransisco-trail/Server/routes/io.js","s":{"1":1,"2":1,"3":1,"4":1,"5":1,"6":1,"7":1,"8":1,"9":1,"10":1,"11":1,"12":1,"13":1,"14":1,"15":1,"16":1,"17":1,"18":1,"19":1,"20":1,"21":11,"22":11,"23":11,"24":11,"25":11,"26":11,"27":11,"28":11,"29":11,"30":11,"31":11,"32":11,"33":1,"34":6,"35":6,"36":6,"37":6,"38":6,"39":6,"40":0,"41":0,"42":6,"43":6,"44":6,"45":6,"46":6,"47":25,"48":25,"49":6,"50":0,"51":0,"52":0,"53":1,"54":2,"55":2,"56":0,"57":0,"58":2,"59":2,"60":0,"61":2,"62":2,"63":2,"64":2,"65":1,"66":2,"67":2,"68":0,"69":0,"70":2,"71":0,"72":2,"73":2,"74":2,"75":1,"76":2,"77":1,"78":3,"79":3,"80":3,"81":3,"82":0,"83":0,"84":3,"85":3,"86":3,"87":3,"88":3,"89":3,"90":3,"91":0,"92":0,"93":0,"94":0,"95":0,"96":0,"97":0,"98":0,"99":0,"100":0,"101":0,"102":1,"103":2,"104":2,"105":2,"106":0,"107":0,"108":2,"109":0,"110":2,"111":2,"112":1,"113":1,"114":1,"115":2,"116":0,"117":0,"118":2,"119":0,"120":0,"121":0,"122":1,"123":0,"124":0,"125":0,"126":0,"127":0,"128":0,"129":0,"130":0,"131":0,"132":1,"133":1,"134":1,"135":0,"136":0,"137":1,"138":1,"139":1,"140":16,"141":99,"142":16,"143":0,"144":1},"b":{"1":[0,6],"2":[0,2],"3":[0,2],"4":[2,0],"5":[0,2],"6":[0,2],"7":[1,1],"8":[0,3],"9":[0,0],"10":[0,0],"11":[0,0],"12":[0,2],"13":[0,2],"14":[1,1],"15":[0,2],"16":[0,2],"17":[0,0],"18":[0,0],"19":[0,1],"20":[16,83]},"f":{"1":1,"2":1,"3":1,"4":11,"5":11,"6":6,"7":25,"8":0,"9":2,"10":2,"11":3,"12":0,"13":2,"14":0,"15":1,"16":16},"fnMap":{"1":{"name":"(anonymous_1)","line":2,"loc":{"start":{"line":2,"column":1},"end":{"line":2,"column":19}}},"2":{"name":"init","line":21,"loc":{"start":{"line":21,"column":2},"end":{"line":21,"column":21}}},"3":{"name":"bindSocketEvents","line":32,"loc":{"start":{"line":32,"column":2},"end":{"line":32,"column":30}}},"4":{"name":"onConnection","line":33,"loc":{"start":{"line":33,"column":34},"end":{"line":33,"column":64}}},"5":{"name":"(anonymous_5)","line":36,"loc":{"start":{"line":36,"column":25},"end":{"line":36,"column":45}}},"6":{"name":"onStartInvest","line":59,"loc":{"start":{"line":59,"column":2},"end":{"line":59,"column":27}}},"7":{"name":"(anonymous_7)","line":80,"loc":{"start":{"line":80,"column":6},"end":{"line":80,"column":18}}},"8":{"name":"(anonymous_8)","line":88,"loc":{"start":{"line":88,"column":6},"end":{"line":88,"column":17}}},"9":{"name":"onBuyStock","line":97,"loc":{"start":{"line":97,"column":2},"end":{"line":97,"column":24}}},"10":{"name":"onSellStock","line":121,"loc":{"start":{"line":121,"column":2},"end":{"line":121,"column":25}}},"11":{"name":"onStartHunt","line":144,"loc":{"start":{"line":144,"column":2},"end":{"line":144,"column":25}}},"12":{"name":"(anonymous_12)","line":171,"loc":{"start":{"line":171,"column":6},"end":{"line":171,"column":27}}},"13":{"name":"onTestWord","line":195,"loc":{"start":{"line":195,"column":2},"end":{"line":195,"column":28}}},"14":{"name":"onPostScore","line":233,"loc":{"start":{"line":233,"column":2},"end":{"line":233,"column":29}}},"15":{"name":"onSetPlayerName","line":250,"loc":{"start":{"line":250,"column":2},"end":{"line":250,"column":33}}},"16":{"name":"gameById","line":266,"loc":{"start":{"line":266,"column":2},"end":{"line":266,"column":24}}}},"statementMap":{"1":{"start":{"line":1,"column":0},"end":{"line":277,"column":3}},"2":{"start":{"line":3,"column":2},"end":{"line":3,"column":29}},"3":{"start":{"line":4,"column":2},"end":{"line":4,"column":61}},"4":{"start":{"line":5,"column":2},"end":{"line":5,"column":46}},"5":{"start":{"line":6,"column":2},"end":{"line":6,"column":44}},"6":{"start":{"line":8,"column":2},"end":{"line":8,"column":33}},"7":{"start":{"line":9,"column":2},"end":{"line":9,"column":31}},"8":{"start":{"line":10,"column":2},"end":{"line":10,"column":31}},"9":{"start":{"line":11,"column":2},"end":{"line":11,"column":43}},"10":{"start":{"line":13,"column":2},"end":{"line":13,"column":19}},"11":{"start":{"line":15,"column":2},"end":{"line":19,"column":4}},"12":{"start":{"line":21,"column":2},"end":{"line":30,"column":3}},"13":{"start":{"line":22,"column":4},"end":{"line":22,"column":15}},"14":{"start":{"line":24,"column":4},"end":{"line":24,"column":78}},"15":{"start":{"line":25,"column":4},"end":{"line":25,"column":38}},"16":{"start":{"line":26,"column":4},"end":{"line":26,"column":27}},"17":{"start":{"line":28,"column":4},"end":{"line":28,"column":23}},"18":{"start":{"line":29,"column":4},"end":{"line":29,"column":13}},"19":{"start":{"line":32,"column":2},"end":{"line":57,"column":3}},"20":{"start":{"line":33,"column":4},"end":{"line":56,"column":7}},"21":{"start":{"line":34,"column":6},"end":{"line":34,"column":53}},"22":{"start":{"line":36,"column":6},"end":{"line":41,"column":9}},"23":{"start":{"line":37,"column":8},"end":{"line":40,"column":11}},"24":{"start":{"line":43,"column":6},"end":{"line":43,"column":55}},"25":{"start":{"line":44,"column":6},"end":{"line":44,"column":25}},"26":{"start":{"line":47,"column":6},"end":{"line":47,"column":40}},"27":{"start":{"line":48,"column":6},"end":{"line":48,"column":42}},"28":{"start":{"line":49,"column":6},"end":{"line":49,"column":46}},"29":{"start":{"line":50,"column":6},"end":{"line":50,"column":49}},"30":{"start":{"line":52,"column":6},"end":{"line":52,"column":42}},"31":{"start":{"line":53,"column":6},"end":{"line":53,"column":40}},"32":{"start":{"line":55,"column":6},"end":{"line":55,"column":42}},"33":{"start":{"line":59,"column":2},"end":{"line":95,"column":3}},"34":{"start":{"line":61,"column":4},"end":{"line":61,"column":24}},"35":{"start":{"line":62,"column":4},"end":{"line":62,"column":33}},"36":{"start":{"line":63,"column":4},"end":{"line":63,"column":47}},"37":{"start":{"line":64,"column":4},"end":{"line":64,"column":20}},"38":{"start":{"line":66,"column":4},"end":{"line":66,"column":33}},"39":{"start":{"line":69,"column":4},"end":{"line":72,"column":5}},"40":{"start":{"line":70,"column":6},"end":{"line":70,"column":45},"skip":true},"41":{"start":{"line":71,"column":6},"end":{"line":71,"column":13},"skip":true},"42":{"start":{"line":74,"column":4},"end":{"line":74,"column":28}},"43":{"start":{"line":75,"column":4},"end":{"line":75,"column":38}},"44":{"start":{"line":76,"column":4},"end":{"line":76,"column":30}},"45":{"start":{"line":77,"column":4},"end":{"line":77,"column":61}},"46":{"start":{"line":79,"column":4},"end":{"line":85,"column":6}},"47":{"start":{"line":81,"column":8},"end":{"line":81,"column":31}},"48":{"start":{"line":82,"column":8},"end":{"line":82,"column":71}},"49":{"start":{"line":87,"column":4},"end":{"line":94,"column":6}},"50":{"start":{"line":89,"column":8},"end":{"line":89,"column":44}},"51":{"start":{"line":90,"column":8},"end":{"line":90,"column":48}},"52":{"start":{"line":91,"column":8},"end":{"line":91,"column":59}},"53":{"start":{"line":97,"column":2},"end":{"line":119,"column":3}},"54":{"start":{"line":98,"column":4},"end":{"line":98,"column":33}},"55":{"start":{"line":100,"column":4},"end":{"line":103,"column":5}},"56":{"start":{"line":101,"column":6},"end":{"line":101,"column":45},"skip":true},"57":{"start":{"line":102,"column":6},"end":{"line":102,"column":13},"skip":true},"58":{"start":{"line":104,"column":4},"end":{"line":104,"column":38}},"59":{"start":{"line":106,"column":4},"end":{"line":106,"column":47}},"60":{"start":{"line":106,"column":40},"end":{"line":106,"column":47}},"61":{"start":{"line":108,"column":4},"end":{"line":108,"column":41}},"62":{"start":{"line":109,"column":4},"end":{"line":111,"column":5}},"63":{"start":{"line":110,"column":6},"end":{"line":110,"column":41}},"64":{"start":{"line":113,"column":4},"end":{"line":118,"column":7}},"65":{"start":{"line":121,"column":2},"end":{"line":142,"column":3}},"66":{"start":{"line":122,"column":4},"end":{"line":122,"column":33}},"67":{"start":{"line":124,"column":4},"end":{"line":127,"column":5}},"68":{"start":{"line":125,"column":6},"end":{"line":125,"column":45},"skip":true},"69":{"start":{"line":126,"column":6},"end":{"line":126,"column":13},"skip":true},"70":{"start":{"line":128,"column":4},"end":{"line":128,"column":47}},"71":{"start":{"line":128,"column":40},"end":{"line":128,"column":47}},"72":{"start":{"line":130,"column":4},"end":{"line":130,"column":38}},"73":{"start":{"line":132,"column":4},"end":{"line":132,"column":42}},"74":{"start":{"line":133,"column":4},"end":{"line":135,"column":5}},"75":{"start":{"line":134,"column":6},"end":{"line":134,"column":41}},"76":{"start":{"line":136,"column":4},"end":{"line":141,"column":7}},"77":{"start":{"line":144,"column":2},"end":{"line":193,"column":3}},"78":{"start":{"line":145,"column":4},"end":{"line":145,"column":31}},"79":{"start":{"line":147,"column":4},"end":{"line":147,"column":20}},"80":{"start":{"line":149,"column":4},"end":{"line":149,"column":33}},"81":{"start":{"line":152,"column":4},"end":{"line":155,"column":5}},"82":{"start":{"line":153,"column":6},"end":{"line":153,"column":45},"skip":true},"83":{"start":{"line":154,"column":6},"end":{"line":154,"column":13},"skip":true},"84":{"start":{"line":157,"column":4},"end":{"line":157,"column":61}},"85":{"start":{"line":159,"column":4},"end":{"line":159,"column":26}},"86":{"start":{"line":160,"column":4},"end":{"line":160,"column":36}},"87":{"start":{"line":161,"column":4},"end":{"line":161,"column":26}},"88":{"start":{"line":163,"column":4},"end":{"line":166,"column":7}},"89":{"start":{"line":168,"column":4},"end":{"line":168,"column":20}},"90":{"start":{"line":170,"column":4},"end":{"line":192,"column":6}},"91":{"start":{"line":172,"column":8},"end":{"line":176,"column":9}},"92":{"start":{"line":173,"column":10},"end":{"line":173,"column":28}},"93":{"start":{"line":174,"column":10},"end":{"line":174,"column":46}},"94":{"start":{"line":175,"column":10},"end":{"line":175,"column":17}},"95":{"start":{"line":177,"column":8},"end":{"line":180,"column":9}},"96":{"start":{"line":178,"column":10},"end":{"line":178,"column":46}},"97":{"start":{"line":179,"column":10},"end":{"line":179,"column":17}},"98":{"start":{"line":181,"column":8},"end":{"line":181,"column":28}},"99":{"start":{"line":182,"column":8},"end":{"line":186,"column":10}},"100":{"start":{"line":187,"column":8},"end":{"line":187,"column":35}},"101":{"start":{"line":188,"column":8},"end":{"line":188,"column":18}},"102":{"start":{"line":195,"column":2},"end":{"line":231,"column":3}},"103":{"start":{"line":196,"column":4},"end":{"line":196,"column":30}},"104":{"start":{"line":198,"column":4},"end":{"line":198,"column":33}},"105":{"start":{"line":201,"column":4},"end":{"line":204,"column":5}},"106":{"start":{"line":202,"column":6},"end":{"line":202,"column":45},"skip":true},"107":{"start":{"line":203,"column":6},"end":{"line":203,"column":13},"skip":true},"108":{"start":{"line":205,"column":4},"end":{"line":205,"column":45}},"109":{"start":{"line":205,"column":38},"end":{"line":205,"column":45}},"110":{"start":{"line":207,"column":4},"end":{"line":207,"column":36}},"111":{"start":{"line":210,"column":4},"end":{"line":220,"column":5}},"112":{"start":{"line":211,"column":6},"end":{"line":211,"column":78}},"113":{"start":{"line":215,"column":6},"end":{"line":215,"column":66}},"114":{"start":{"line":216,"column":6},"end":{"line":219,"column":9}},"115":{"start":{"line":221,"column":4},"end":{"line":224,"column":5}},"116":{"start":{"line":222,"column":8},"end":{"line":222,"column":26}},"117":{"start":{"line":223,"column":8},"end":{"line":223,"column":19}},"118":{"start":{"line":225,"column":4},"end":{"line":230,"column":5}},"119":{"start":{"line":226,"column":6},"end":{"line":226,"column":27}},"120":{"start":{"line":227,"column":6},"end":{"line":227,"column":24}},"121":{"start":{"line":228,"column":6},"end":{"line":228,"column":19}},"122":{"start":{"line":233,"column":2},"end":{"line":248,"column":3}},"123":{"start":{"line":234,"column":4},"end":{"line":234,"column":24}},"124":{"start":{"line":236,"column":4},"end":{"line":236,"column":33}},"125":{"start":{"line":239,"column":4},"end":{"line":242,"column":5}},"126":{"start":{"line":240,"column":6},"end":{"line":240,"column":45},"skip":true},"127":{"start":{"line":241,"column":6},"end":{"line":241,"column":13},"skip":true},"128":{"start":{"line":243,"column":4},"end":{"line":243,"column":38}},"129":{"start":{"line":244,"column":4},"end":{"line":244,"column":24}},"130":{"start":{"line":245,"column":4},"end":{"line":247,"column":5}},"131":{"start":{"line":246,"column":6},"end":{"line":246,"column":49}},"132":{"start":{"line":250,"column":2},"end":{"line":264,"column":3}},"133":{"start":{"line":251,"column":4},"end":{"line":251,"column":33}},"134":{"start":{"line":253,"column":4},"end":{"line":256,"column":5}},"135":{"start":{"line":254,"column":6},"end":{"line":254,"column":45},"skip":true},"136":{"start":{"line":255,"column":6},"end":{"line":255,"column":13},"skip":true},"137":{"start":{"line":258,"column":4},"end":{"line":258,"column":23}},"138":{"start":{"line":260,"column":4},"end":{"line":263,"column":7}},"139":{"start":{"line":266,"column":2},"end":{"line":273,"column":3}},"140":{"start":{"line":267,"column":4},"end":{"line":271,"column":5}},"141":{"start":{"line":268,"column":6},"end":{"line":270,"column":7}},"142":{"start":{"line":269,"column":8},"end":{"line":269,"column":26}},"143":{"start":{"line":272,"column":4},"end":{"line":272,"column":17}},"144":{"start":{"line":275,"column":2},"end":{"line":275,"column":11}}},"branchMap":{"1":{"line":69,"type":"if","locations":[{"start":{"line":69,"column":4},"end":{"line":69,"column":4},"skip":true},{"start":{"line":69,"column":4},"end":{"line":69,"column":4}}]},"2":{"line":100,"type":"if","locations":[{"start":{"line":100,"column":4},"end":{"line":100,"column":4},"skip":true},{"start":{"line":100,"column":4},"end":{"line":100,"column":4}}]},"3":{"line":106,"type":"if","locations":[{"start":{"line":106,"column":4},"end":{"line":106,"column":4}},{"start":{"line":106,"column":4},"end":{"line":106,"column":4}}]},"4":{"line":109,"type":"if","locations":[{"start":{"line":109,"column":4},"end":{"line":109,"column":4}},{"start":{"line":109,"column":4},"end":{"line":109,"column":4}}]},"5":{"line":124,"type":"if","locations":[{"start":{"line":124,"column":4},"end":{"line":124,"column":4},"skip":true},{"start":{"line":124,"column":4},"end":{"line":124,"column":4}}]},"6":{"line":128,"type":"if","locations":[{"start":{"line":128,"column":4},"end":{"line":128,"column":4}},{"start":{"line":128,"column":4},"end":{"line":128,"column":4}}]},"7":{"line":133,"type":"if","locations":[{"start":{"line":133,"column":4},"end":{"line":133,"column":4}},{"start":{"line":133,"column":4},"end":{"line":133,"column":4}}]},"8":{"line":152,"type":"if","locations":[{"start":{"line":152,"column":4},"end":{"line":152,"column":4},"skip":true},{"start":{"line":152,"column":4},"end":{"line":152,"column":4}}]},"9":{"line":172,"type":"if","locations":[{"start":{"line":172,"column":8},"end":{"line":172,"column":8}},{"start":{"line":172,"column":8},"end":{"line":172,"column":8}}]},"10":{"line":172,"type":"binary-expr","locations":[{"start":{"line":172,"column":11},"end":{"line":172,"column":29}},{"start":{"line":172,"column":33},"end":{"line":172,"column":54}}]},"11":{"line":177,"type":"if","locations":[{"start":{"line":177,"column":8},"end":{"line":177,"column":8}},{"start":{"line":177,"column":8},"end":{"line":177,"column":8}}]},"12":{"line":201,"type":"if","locations":[{"start":{"line":201,"column":4},"end":{"line":201,"column":4},"skip":true},{"start":{"line":201,"column":4},"end":{"line":201,"column":4}}]},"13":{"line":205,"type":"if","locations":[{"start":{"line":205,"column":4},"end":{"line":205,"column":4}},{"start":{"line":205,"column":4},"end":{"line":205,"column":4}}]},"14":{"line":210,"type":"if","locations":[{"start":{"line":210,"column":4},"end":{"line":210,"column":4}},{"start":{"line":210,"column":4},"end":{"line":210,"column":4}}]},"15":{"line":221,"type":"if","locations":[{"start":{"line":221,"column":4},"end":{"line":221,"column":4}},{"start":{"line":221,"column":4},"end":{"line":221,"column":4}}]},"16":{"line":225,"type":"if","locations":[{"start":{"line":225,"column":4},"end":{"line":225,"column":4}},{"start":{"line":225,"column":4},"end":{"line":225,"column":4}}]},"17":{"line":239,"type":"if","locations":[{"start":{"line":239,"column":4},"end":{"line":239,"column":4},"skip":true},{"start":{"line":239,"column":4},"end":{"line":239,"column":4}}]},"18":{"line":245,"type":"if","locations":[{"start":{"line":245,"column":4},"end":{"line":245,"column":4}},{"start":{"line":245,"column":4},"end":{"line":245,"column":4}}]},"19":{"line":253,"type":"if","locations":[{"start":{"line":253,"column":4},"end":{"line":253,"column":4},"skip":true},{"start":{"line":253,"column":4},"end":{"line":253,"column":4}}]},"20":{"line":268,"type":"if","locations":[{"start":{"line":268,"column":6},"end":{"line":268,"column":6}},{"start":{"line":268,"column":6},"end":{"line":268,"column":6}}]}}}}