TN:
SF:/Users/Chris/Google Drive/san-fransisco-trail/Server/models/GameController.js
FN:1,(anonymous_1)
FN:5,(anonymous_2)
FN:19,(anonymous_3)
FN:23,(anonymous_4)
FN:27,(anonymous_5)
FN:31,(anonymous_6)
FN:35,(anonymous_7)
FN:40,(anonymous_8)
FN:44,(anonymous_9)
FN:49,(anonymous_10)
FN:53,(anonymous_11)
FN:57,(anonymous_12)
FN:62,(anonymous_13)
FN:80,(anonymous_14)
FN:84,(anonymous_15)
FN:88,(anonymous_16)
FNF:16
FNH:16
FNDA:1,(anonymous_1)
FNDA:22,(anonymous_2)
FNDA:101,(anonymous_3)
FNDA:9,(anonymous_4)
FNDA:4,(anonymous_5)
FNDA:1,(anonymous_6)
FNDA:4,(anonymous_7)
FNDA:1,(anonymous_8)
FNDA:6,(anonymous_9)
FNDA:1,(anonymous_10)
FNDA:4,(anonymous_11)
FNDA:2,(anonymous_12)
FNDA:12,(anonymous_13)
FNDA:17,(anonymous_14)
FNDA:9,(anonymous_15)
FNDA:2,(anonymous_16)
DA:1,1
DA:2,1
DA:3,1
DA:5,1
DA:7,22
DA:8,22
DA:10,22
DA:11,22
DA:12,22
DA:13,22
DA:14,22
DA:15,22
DA:17,22
DA:19,22
DA:20,101
DA:23,22
DA:24,9
DA:27,22
DA:28,4
DA:31,22
DA:32,1
DA:35,22
DA:36,4
DA:37,4
DA:40,22
DA:41,1
DA:44,22
DA:45,6
DA:46,6
DA:49,22
DA:50,1
DA:53,22
DA:54,4
DA:57,22
DA:59,2
DA:62,22
DA:64,12
DA:65,7
DA:68,7
DA:69,5
DA:70,4
DA:73,4
DA:75,1
DA:76,1
DA:80,22
DA:81,17
DA:84,22
DA:85,9
DA:88,22
DA:89,2
DA:90,1
DA:92,1
DA:96,22
DA:99,1
LF:54
LH:54
BRDA:7,1,0,22
BRDA:7,1,1,0
BRDA:8,2,0,22
BRDA:8,2,1,21
BRDA:64,3,0,7
BRDA:64,3,1,5
BRDA:69,4,0,4
BRDA:69,4,1,1
BRDA:89,5,0,1
BRDA:89,5,1,1
BRF:10
BRH:9
end_of_record
TN:
SF:/Users/Chris/Google Drive/san-fransisco-trail/Server/models/InvestPhase.js
FN:1,(anonymous_1)
FN:4,(anonymous_2)
FN:16,(anonymous_3)
FN:19,(anonymous_4)
FN:22,(anonymous_5)
FN:26,(anonymous_6)
FN:30,(anonymous_7)
FN:34,(anonymous_8)
FN:38,(anonymous_9)
FN:49,(anonymous_10)
FN:53,(anonymous_11)
FN:59,(anonymous_12)
FN:70,(anonymous_13)
FN:81,(anonymous_14)
FNF:14
FNH:12
FNDA:1,(anonymous_1)
FNDA:17,(anonymous_2)
FNDA:7,(anonymous_3)
FNDA:1,(anonymous_4)
FNDA:1,(anonymous_5)
FNDA:1,(anonymous_6)
FNDA:32,(anonymous_7)
FNDA:8,(anonymous_8)
FNDA:27,(anonymous_9)
FNDA:15,(anonymous_10)
FNDA:0,(anonymous_11)
FNDA:8,(anonymous_12)
FNDA:6,(anonymous_13)
FNDA:0,(anonymous_14)
DA:1,1
DA:4,1
DA:6,17
DA:8,17
DA:9,17
DA:10,17
DA:11,17
DA:12,17
DA:14,17
DA:16,17
DA:17,7
DA:19,17
DA:20,1
DA:22,17
DA:23,1
DA:26,17
DA:27,1
DA:30,17
DA:31,32
DA:34,17
DA:35,8
DA:38,17
DA:39,27
DA:40,27
DA:42,27
DA:43,0
DA:45,27
DA:46,27
DA:49,17
DA:50,15
DA:53,17
DA:54,0
DA:55,0
DA:56,0
DA:59,17
DA:60,8
DA:61,7
DA:62,7
DA:63,7
DA:64,7
DA:66,1
DA:70,17
DA:71,6
DA:72,4
DA:73,4
DA:74,4
DA:75,4
DA:77,2
DA:81,17
DA:85,17
DA:89,1
LF:51
LH:47
BRDA:42,1,0,0
BRDA:42,1,1,27
BRDA:60,2,0,7
BRDA:60,2,1,1
BRDA:71,3,0,4
BRDA:71,3,1,2
BRF:6
BRH:5
end_of_record
TN:
SF:/Users/Chris/Google Drive/san-fransisco-trail/Server/models/HuntPhase.js
FN:1,(anonymous_1)
FN:4,(anonymous_2)
FN:33,(anonymous_3)
FN:37,(anonymous_4)
FN:41,(anonymous_5)
FN:45,(anonymous_6)
FN:49,(anonymous_7)
FN:53,(anonymous_8)
FN:57,(anonymous_9)
FN:75,(anonymous_10)
FN:89,(anonymous_11)
FN:94,(anonymous_12)
FNF:12
FNH:11
FNDA:1,(anonymous_1)
FNDA:13,(anonymous_2)
FNDA:12,(anonymous_3)
FNDA:27,(anonymous_4)
FNDA:3,(anonymous_5)
FNDA:4,(anonymous_6)
FNDA:0,(anonymous_7)
FNDA:10,(anonymous_8)
FNDA:21,(anonymous_9)
FNDA:22,(anonymous_10)
FNDA:4,(anonymous_11)
FNDA:1,(anonymous_12)
DA:1,1
DA:4,1
DA:6,13
DA:7,13
DA:11,13
DA:12,13
DA:14,13
DA:15,13
DA:16,13
DA:17,13
DA:18,13
DA:19,13
DA:21,13
DA:22,4485
DA:28,13
DA:29,13
DA:31,13
DA:33,13
DA:34,12
DA:37,13
DA:38,27
DA:41,13
DA:42,3
DA:45,13
DA:46,4
DA:49,13
DA:50,0
DA:53,13
DA:54,10
DA:57,13
DA:58,21
DA:59,9
DA:60,9
DA:61,9
DA:62,1
DA:64,9
DA:66,12
DA:67,12
DA:68,10
DA:69,10
DA:71,12
DA:75,13
DA:76,22
DA:77,22
DA:78,22
DA:81,22
DA:83,22
DA:84,0
DA:86,22
DA:89,13
DA:90,4
DA:91,4
DA:94,13
DA:95,1
DA:98,13
DA:102,1
LF:56
LH:54
BRDA:58,1,0,9
BRDA:58,1,1,12
BRDA:61,2,0,1
BRDA:61,2,1,8
BRDA:67,3,0,10
BRDA:67,3,1,2
BRDA:83,4,0,0
BRDA:83,4,1,22
BRF:8
BRH:7
end_of_record
TN:
SF:/Users/Chris/Google Drive/san-fransisco-trail/index.js
FNF:0
FNH:0
DA:1,1
LF:1
LH:1
BRF:0
BRH:0
end_of_record
TN:
SF:/Users/Chris/Google Drive/san-fransisco-trail/Server/server.js
FN:9,(anonymous_1)
FN:17,(anonymous_2)
FNF:2
FNH:1
FNDA:1,(anonymous_1)
FNDA:0,(anonymous_2)
DA:1,1
DA:3,1
DA:4,1
DA:5,1
DA:8,1
DA:9,1
DA:10,1
DA:14,1
DA:15,1
DA:17,1
DA:18,0
DA:22,1
LF:12
LH:11
BRDA:8,1,0,1
BRDA:8,1,1,1
BRF:2
BRH:2
end_of_record
TN:
SF:/Users/Chris/Google Drive/san-fransisco-trail/Server/routes/io.js
FN:2,(anonymous_1)
FN:21,init
FN:32,bindSocketEvents
FN:33,onConnection
FN:36,(anonymous_5)
FN:59,onStartInvest
FN:80,(anonymous_7)
FN:88,(anonymous_8)
FN:97,onBuyStock
FN:121,onSellStock
FN:144,onStartHunt
FN:171,(anonymous_12)
FN:195,onTestWord
FN:233,onPostScore
FN:250,onSetPlayerName
FN:266,gameById
FNF:16
FNH:13
FNDA:1,(anonymous_1)
FNDA:1,init
FNDA:1,bindSocketEvents
FNDA:11,onConnection
FNDA:11,(anonymous_5)
FNDA:6,onStartInvest
FNDA:25,(anonymous_7)
FNDA:0,(anonymous_8)
FNDA:2,onBuyStock
FNDA:2,onSellStock
FNDA:3,onStartHunt
FNDA:0,(anonymous_12)
FNDA:2,onTestWord
FNDA:0,onPostScore
FNDA:1,onSetPlayerName
FNDA:16,gameById
DA:1,1
DA:3,1
DA:4,1
DA:5,1
DA:6,1
DA:8,1
DA:9,1
DA:10,1
DA:11,1
DA:13,1
DA:15,1
DA:21,1
DA:22,1
DA:24,1
DA:25,1
DA:26,1
DA:28,1
DA:29,1
DA:32,1
DA:33,1
DA:34,11
DA:36,11
DA:37,11
DA:43,11
DA:44,11
DA:47,11
DA:48,11
DA:49,11
DA:50,11
DA:52,11
DA:53,11
DA:55,11
DA:59,1
DA:61,6
DA:62,6
DA:63,6
DA:64,6
DA:66,6
DA:69,6
DA:70,1
DA:71,1
DA:74,6
DA:75,6
DA:76,6
DA:77,6
DA:79,6
DA:81,25
DA:82,25
DA:87,6
DA:89,0
DA:90,0
DA:91,0
DA:97,1
DA:98,2
DA:100,2
DA:101,1
DA:102,1
DA:104,2
DA:106,2
DA:108,2
DA:109,2
DA:110,2
DA:113,2
DA:121,1
DA:122,2
DA:124,2
DA:125,1
DA:126,1
DA:128,2
DA:130,2
DA:132,2
DA:133,2
DA:134,1
DA:136,2
DA:144,1
DA:145,3
DA:147,3
DA:149,3
DA:152,3
DA:153,1
DA:154,1
DA:157,3
DA:159,3
DA:160,3
DA:161,3
DA:163,3
DA:168,3
DA:170,3
DA:172,0
DA:173,0
DA:174,0
DA:175,0
DA:177,0
DA:178,0
DA:179,0
DA:181,0
DA:182,0
DA:187,0
DA:188,0
DA:195,1
DA:196,2
DA:198,2
DA:201,2
DA:202,1
DA:203,1
DA:205,2
DA:207,2
DA:210,2
DA:211,1
DA:215,1
DA:216,1
DA:221,2
DA:222,0
DA:223,0
DA:225,2
DA:226,0
DA:227,0
DA:228,0
DA:233,1
DA:234,0
DA:236,0
DA:239,0
DA:240,1
DA:241,1
DA:243,0
DA:244,0
DA:245,0
DA:246,0
DA:250,1
DA:251,1
DA:253,1
DA:254,1
DA:255,1
DA:258,1
DA:260,1
DA:266,1
DA:267,16
DA:268,99
DA:269,16
DA:272,0
DA:275,1
LF:141
LH:114
BRDA:69,1,0,0
BRDA:69,1,1,6
BRDA:100,2,0,0
BRDA:100,2,1,2
BRDA:106,3,0,0
BRDA:106,3,1,2
BRDA:109,4,0,2
BRDA:109,4,1,0
BRDA:124,5,0,0
BRDA:124,5,1,2
BRDA:128,6,0,0
BRDA:128,6,1,2
BRDA:133,7,0,1
BRDA:133,7,1,1
BRDA:152,8,0,0
BRDA:152,8,1,3
BRDA:172,9,0,0
BRDA:172,9,1,0
BRDA:172,10,0,0
BRDA:172,10,1,0
BRDA:177,11,0,0
BRDA:177,11,1,0
BRDA:201,12,0,0
BRDA:201,12,1,2
BRDA:205,13,0,0
BRDA:205,13,1,2
BRDA:210,14,0,1
BRDA:210,14,1,1
BRDA:221,15,0,0
BRDA:221,15,1,2
BRDA:225,16,0,0
BRDA:225,16,1,2
BRDA:239,17,0,0
BRDA:239,17,1,0
BRDA:245,18,0,0
BRDA:245,18,1,0
BRDA:253,19,0,0
BRDA:253,19,1,1
BRDA:268,20,0,16
BRDA:268,20,1,83
BRF:40
BRH:25
end_of_record
